<?xml version="1.0" encoding="UTF-8"?>
<!-- Generated by org.testng.reporters.JUnitReportReporter -->
<testsuite hostname="DESKTOP-M0BUQCK" failures="0" tests="1" name="Tests.Testpjt" time="12.963" errors="0" timestamp="2024-01-22T14:18:50 IST" skipped="0">
  <testcase classname="Tests.Testpjt" name="testl" time="12.963"/>
</testsuite> <!-- Tests.Testpjt -->
