<?xml version="1.0" encoding="UTF-8"?>
<!-- Generated by org.testng.reporters.JUnitReportReporter -->
<testsuite hostname="DESKTOP-M0BUQCK" failures="0" tests="1" name="Tests.Registrationtest" time="4.613" errors="0" timestamp="2024-01-22T16:47:29 IST" skipped="0">
  <testcase classname="Tests.Registrationtest" name="testl" time="4.613"/>
</testsuite> <!-- Tests.Registrationtest -->
